<?xml version="1.0" encoding="UTF-8"?>
<!-- Generated by org.testng.reporters.JUnitReportReporter -->
<testsuite hostname="DESKTOP-I5NI92G" failures="0" tests="2" name="Selenium.SeleniumFrameworkDesign.Test.ErrorValidations" time="30.889" errors="0" timestamp="2023-03-13T11:07:35 IST" skipped="0">
  <testcase classname="Selenium.SeleniumFrameworkDesign.Test.ErrorValidations" name="logInPageErrorValidation" time="20.225"/>
  <system-out/>
  <testcase classname="Selenium.SeleniumFrameworkDesign.Test.ErrorValidations" name="productPageErrorvalidation" time="10.664"/>
  <system-out/>
</testsuite> <!-- Selenium.SeleniumFrameworkDesign.Test.ErrorValidations -->
