<?xml version="1.0" encoding="UTF-8"?>
<!-- Generated by org.testng.reporters.JUnitReportReporter -->
<testsuite hostname="DESKTOP-I5NI92G" failures="0" tests="3" name="Selenium.SeleniumFrameworkDesign.Test.SubmitOrderTest" time="86.295" errors="0" timestamp="2023-02-13T15:02:30 IST" skipped="0">
  <testcase classname="Selenium.SeleniumFrameworkDesign.Test.SubmitOrderTest" name="submitOrder" time="33.693"/>
  <system-out/>
  <testcase classname="Selenium.SeleniumFrameworkDesign.Test.SubmitOrderTest" name="submitOrder" time="32.381"/>
  <system-out/>
  <testcase classname="Selenium.SeleniumFrameworkDesign.Test.SubmitOrderTest" name="orderHistory" time="20.221"/>
  <system-out/>
</testsuite> <!-- Selenium.SeleniumFrameworkDesign.Test.SubmitOrderTest -->
