<?xml version="1.0" encoding="UTF-8"?>
<!-- Generated by org.testng.reporters.JUnitReportReporter -->
<testsuite hostname="DESKTOP-I5NI92G" failures="0" tests="1" name="Selenium.SeleniumFrameworkDesign.Test.ErrorValidations" time="19.265" errors="0" timestamp="2023-02-23T15:03:12 IST" skipped="0">
  <testcase classname="Selenium.SeleniumFrameworkDesign.Test.ErrorValidations" name="logInPageErrorValidation" time="19.265"/>
  <system-out/>
</testsuite> <!-- Selenium.SeleniumFrameworkDesign.Test.ErrorValidations -->
